[10-May-2025 15:48:56 Europe/Berlin] Starting CSRF validation for action: getJobListing
[10-May-2025 15:48:56 Europe/Berlin] Received token: 19f609c16f06bc7d723cfe78e802ff73ff530b450fac6d1b61b7d3bffd083cf0
[10-May-2025 15:48:56 Europe/Berlin] Current session status: 2
[10-May-2025 15:48:56 Europe/Berlin] Session ID: 3l72m65q0qqp350d4c24vhfmnf
[10-May-2025 15:48:56 Europe/Berlin] Session already active in TokenHandler. Session ID: 3l72m65q0qqp350d4c24vhfmnf
[10-May-2025 15:48:56 Europe/Berlin] Current session data: {"csrf_token":"19f609c16f06bc7d723cfe78e802ff73ff530b450fac6d1b61b7d3bffd083cf0","csrf_token_time":1746884473,"user_id":1,"student_id":1,"usertype":"admin","srcode":"21-00001","student_name":"Admin User","email":"admin@admin.com","course_id":1,"section":"2201","admin_id":1}
[10-May-2025 15:48:56 Europe/Berlin] CSRF validation successful for action: getJobListing
[10-May-2025 15:48:56 Europe/Berlin] Session already active in TokenHandler. Session ID: 3l72m65q0qqp350d4c24vhfmnf
[10-May-2025 15:48:56 Europe/Berlin] Current session data: {"csrf_token":"19f609c16f06bc7d723cfe78e802ff73ff530b450fac6d1b61b7d3bffd083cf0","csrf_token_time":1746884473,"user_id":1,"student_id":1,"usertype":"admin","srcode":"21-00001","student_name":"Admin User","email":"admin@admin.com","course_id":1,"section":"2201","admin_id":1}
[10-May-2025 15:48:56 Europe/Berlin] Malformed UTF-8 characters, possibly incorrectly encoded
[10-May-2025 15:48:56 Europe/Berlin] Starting CSRF validation for action: getJobListing
[10-May-2025 15:48:56 Europe/Berlin] Received token: 19f609c16f06bc7d723cfe78e802ff73ff530b450fac6d1b61b7d3bffd083cf0
[10-May-2025 15:48:56 Europe/Berlin] Current session status: 2
[10-May-2025 15:48:56 Europe/Berlin] Session ID: 3l72m65q0qqp350d4c24vhfmnf
[10-May-2025 15:48:56 Europe/Berlin] Session already active in TokenHandler. Session ID: 3l72m65q0qqp350d4c24vhfmnf
[10-May-2025 15:48:56 Europe/Berlin] Current session data: {"csrf_token":"19f609c16f06bc7d723cfe78e802ff73ff530b450fac6d1b61b7d3bffd083cf0","csrf_token_time":1746884473,"user_id":1,"student_id":1,"usertype":"admin","srcode":"21-00001","student_name":"Admin User","email":"admin@admin.com","course_id":1,"section":"2201","admin_id":1}
[10-May-2025 15:48:56 Europe/Berlin] CSRF validation successful for action: getJobListing
[10-May-2025 15:48:56 Europe/Berlin] Session already active in TokenHandler. Session ID: 3l72m65q0qqp350d4c24vhfmnf
[10-May-2025 15:48:56 Europe/Berlin] Current session data: {"csrf_token":"19f609c16f06bc7d723cfe78e802ff73ff530b450fac6d1b61b7d3bffd083cf0","csrf_token_time":1746884473,"user_id":1,"student_id":1,"usertype":"admin","srcode":"21-00001","student_name":"Admin User","email":"admin@admin.com","course_id":1,"section":"2201","admin_id":1}
[10-May-2025 15:48:56 Europe/Berlin] Malformed UTF-8 characters, possibly incorrectly encoded
[10-May-2025 15:57:39 Europe/Berlin] Session already active in TokenHandler. Session ID: 3l72m65q0qqp350d4c24vhfmnf
[10-May-2025 15:57:39 Europe/Berlin] Current session data: {"csrf_token":"19f609c16f06bc7d723cfe78e802ff73ff530b450fac6d1b61b7d3bffd083cf0","csrf_token_time":1746884473,"user_id":1,"student_id":1,"usertype":"admin","srcode":"21-00001","student_name":"Admin User","email":"admin@admin.com","course_id":1,"section":"2201","admin_id":1}
[10-May-2025 15:57:39 Europe/Berlin] Session already active in TokenHandler. Session ID: 3l72m65q0qqp350d4c24vhfmnf
[10-May-2025 15:57:39 Europe/Berlin] Current session data: {"csrf_token":"19f609c16f06bc7d723cfe78e802ff73ff530b450fac6d1b61b7d3bffd083cf0","csrf_token_time":1746884473,"user_id":1,"student_id":1,"usertype":"admin","srcode":"21-00001","student_name":"Admin User","email":"admin@admin.com","course_id":1,"section":"2201","admin_id":1}
[10-May-2025 15:57:39 Europe/Berlin] Session already active in TokenHandler. Session ID: 3l72m65q0qqp350d4c24vhfmnf
[10-May-2025 15:57:39 Europe/Berlin] Current session data: {"csrf_token":"19f609c16f06bc7d723cfe78e802ff73ff530b450fac6d1b61b7d3bffd083cf0","csrf_token_time":1746884473,"user_id":1,"student_id":1,"usertype":"admin","srcode":"21-00001","student_name":"Admin User","email":"admin@admin.com","course_id":1,"section":"2201","admin_id":1}
[10-May-2025 15:57:39 Europe/Berlin] Session already active in TokenHandler. Session ID: 3l72m65q0qqp350d4c24vhfmnf
[10-May-2025 15:57:39 Europe/Berlin] Current session data: {"csrf_token":"19f609c16f06bc7d723cfe78e802ff73ff530b450fac6d1b61b7d3bffd083cf0","csrf_token_time":1746884473,"user_id":1,"student_id":1,"usertype":"admin","srcode":"21-00001","student_name":"Admin User","email":"admin@admin.com","course_id":1,"section":"2201","admin_id":1}
[10-May-2025 15:57:39 Europe/Berlin] Session already active in TokenHandler. Session ID: 3l72m65q0qqp350d4c24vhfmnf
[10-May-2025 15:57:39 Europe/Berlin] Current session data: {"csrf_token":"19f609c16f06bc7d723cfe78e802ff73ff530b450fac6d1b61b7d3bffd083cf0","csrf_token_time":1746884473,"user_id":1,"student_id":1,"usertype":"admin","srcode":"21-00001","student_name":"Admin User","email":"admin@admin.com","course_id":1,"section":"2201","admin_id":1}
[10-May-2025 15:57:39 Europe/Berlin] Session already active in TokenHandler. Session ID: 3l72m65q0qqp350d4c24vhfmnf
[10-May-2025 15:57:39 Europe/Berlin] Current session data: {"csrf_token":"19f609c16f06bc7d723cfe78e802ff73ff530b450fac6d1b61b7d3bffd083cf0","csrf_token_time":1746884473,"user_id":1,"student_id":1,"usertype":"admin","srcode":"21-00001","student_name":"Admin User","email":"admin@admin.com","course_id":1,"section":"2201","admin_id":1}
[10-May-2025 15:57:39 Europe/Berlin] Session already active in TokenHandler. Session ID: 3l72m65q0qqp350d4c24vhfmnf
[10-May-2025 15:57:39 Europe/Berlin] Current session data: {"csrf_token":"19f609c16f06bc7d723cfe78e802ff73ff530b450fac6d1b61b7d3bffd083cf0","csrf_token_time":1746884473,"user_id":1,"student_id":1,"usertype":"admin","srcode":"21-00001","student_name":"Admin User","email":"admin@admin.com","course_id":1,"section":"2201","admin_id":1}
[10-May-2025 15:57:39 Europe/Berlin] Session already active in TokenHandler. Session ID: 3l72m65q0qqp350d4c24vhfmnf
[10-May-2025 15:57:39 Europe/Berlin] Current session data: {"csrf_token":"19f609c16f06bc7d723cfe78e802ff73ff530b450fac6d1b61b7d3bffd083cf0","csrf_token_time":1746884473,"user_id":1,"student_id":1,"usertype":"admin","srcode":"21-00001","student_name":"Admin User","email":"admin@admin.com","course_id":1,"section":"2201","admin_id":1}
[10-May-2025 15:57:41 Europe/Berlin] Starting CSRF validation for action: getJobListing
[10-May-2025 15:57:41 Europe/Berlin] Received token: 19f609c16f06bc7d723cfe78e802ff73ff530b450fac6d1b61b7d3bffd083cf0
[10-May-2025 15:57:41 Europe/Berlin] Current session status: 2
[10-May-2025 15:57:41 Europe/Berlin] Session ID: 3l72m65q0qqp350d4c24vhfmnf
[10-May-2025 15:57:41 Europe/Berlin] Session already active in TokenHandler. Session ID: 3l72m65q0qqp350d4c24vhfmnf
[10-May-2025 15:57:41 Europe/Berlin] Current session data: {"csrf_token":"19f609c16f06bc7d723cfe78e802ff73ff530b450fac6d1b61b7d3bffd083cf0","csrf_token_time":1746884473,"user_id":1,"student_id":1,"usertype":"admin","srcode":"21-00001","student_name":"Admin User","email":"admin@admin.com","course_id":1,"section":"2201","admin_id":1}
[10-May-2025 15:57:41 Europe/Berlin] CSRF validation successful for action: getJobListing
[10-May-2025 15:57:41 Europe/Berlin] Session already active in TokenHandler. Session ID: 3l72m65q0qqp350d4c24vhfmnf
[10-May-2025 15:57:41 Europe/Berlin] Current session data: {"csrf_token":"19f609c16f06bc7d723cfe78e802ff73ff530b450fac6d1b61b7d3bffd083cf0","csrf_token_time":1746884473,"user_id":1,"student_id":1,"usertype":"admin","srcode":"21-00001","student_name":"Admin User","email":"admin@admin.com","course_id":1,"section":"2201","admin_id":1}
[10-May-2025 15:57:41 Europe/Berlin] Starting CSRF validation for action: getJobListing
[10-May-2025 15:57:41 Europe/Berlin] Received token: 19f609c16f06bc7d723cfe78e802ff73ff530b450fac6d1b61b7d3bffd083cf0
[10-May-2025 15:57:41 Europe/Berlin] Current session status: 2
[10-May-2025 15:57:41 Europe/Berlin] Session ID: 3l72m65q0qqp350d4c24vhfmnf
[10-May-2025 15:57:41 Europe/Berlin] Session already active in TokenHandler. Session ID: 3l72m65q0qqp350d4c24vhfmnf
[10-May-2025 15:57:41 Europe/Berlin] Current session data: {"csrf_token":"19f609c16f06bc7d723cfe78e802ff73ff530b450fac6d1b61b7d3bffd083cf0","csrf_token_time":1746884473,"user_id":1,"student_id":1,"usertype":"admin","srcode":"21-00001","student_name":"Admin User","email":"admin@admin.com","course_id":1,"section":"2201","admin_id":1}
[10-May-2025 15:57:41 Europe/Berlin] CSRF validation successful for action: getJobListing
[10-May-2025 15:57:41 Europe/Berlin] Session already active in TokenHandler. Session ID: 3l72m65q0qqp350d4c24vhfmnf
[10-May-2025 15:57:41 Europe/Berlin] Current session data: {"csrf_token":"19f609c16f06bc7d723cfe78e802ff73ff530b450fac6d1b61b7d3bffd083cf0","csrf_token_time":1746884473,"user_id":1,"student_id":1,"usertype":"admin","srcode":"21-00001","student_name":"Admin User","email":"admin@admin.com","course_id":1,"section":"2201","admin_id":1}
[10-May-2025 15:57:46 Europe/Berlin] Starting CSRF validation for action: getJobListing
[10-May-2025 15:57:46 Europe/Berlin] Received token: 19f609c16f06bc7d723cfe78e802ff73ff530b450fac6d1b61b7d3bffd083cf0
[10-May-2025 15:57:46 Europe/Berlin] Current session status: 2
[10-May-2025 15:57:46 Europe/Berlin] Session ID: 3l72m65q0qqp350d4c24vhfmnf
[10-May-2025 15:57:46 Europe/Berlin] Session already active in TokenHandler. Session ID: 3l72m65q0qqp350d4c24vhfmnf
[10-May-2025 15:57:46 Europe/Berlin] Current session data: {"csrf_token":"19f609c16f06bc7d723cfe78e802ff73ff530b450fac6d1b61b7d3bffd083cf0","csrf_token_time":1746884473,"user_id":1,"student_id":1,"usertype":"admin","srcode":"21-00001","student_name":"Admin User","email":"admin@admin.com","course_id":1,"section":"2201","admin_id":1}
[10-May-2025 15:57:46 Europe/Berlin] CSRF validation successful for action: getJobListing
[10-May-2025 15:57:46 Europe/Berlin] Session already active in TokenHandler. Session ID: 3l72m65q0qqp350d4c24vhfmnf
[10-May-2025 15:57:46 Europe/Berlin] Current session data: {"csrf_token":"19f609c16f06bc7d723cfe78e802ff73ff530b450fac6d1b61b7d3bffd083cf0","csrf_token_time":1746884473,"user_id":1,"student_id":1,"usertype":"admin","srcode":"21-00001","student_name":"Admin User","email":"admin@admin.com","course_id":1,"section":"2201","admin_id":1}
[10-May-2025 15:57:46 Europe/Berlin] Starting CSRF validation for action: getJobListing
[10-May-2025 15:57:46 Europe/Berlin] Received token: 19f609c16f06bc7d723cfe78e802ff73ff530b450fac6d1b61b7d3bffd083cf0
[10-May-2025 15:57:46 Europe/Berlin] Current session status: 2
[10-May-2025 15:57:46 Europe/Berlin] Session ID: 3l72m65q0qqp350d4c24vhfmnf
[10-May-2025 15:57:46 Europe/Berlin] Session already active in TokenHandler. Session ID: 3l72m65q0qqp350d4c24vhfmnf
[10-May-2025 15:57:46 Europe/Berlin] Current session data: {"csrf_token":"19f609c16f06bc7d723cfe78e802ff73ff530b450fac6d1b61b7d3bffd083cf0","csrf_token_time":1746884473,"user_id":1,"student_id":1,"usertype":"admin","srcode":"21-00001","student_name":"Admin User","email":"admin@admin.com","course_id":1,"section":"2201","admin_id":1}
[10-May-2025 15:57:46 Europe/Berlin] CSRF validation successful for action: getJobListing
[10-May-2025 15:57:46 Europe/Berlin] Session already active in TokenHandler. Session ID: 3l72m65q0qqp350d4c24vhfmnf
[10-May-2025 15:57:46 Europe/Berlin] Current session data: {"csrf_token":"19f609c16f06bc7d723cfe78e802ff73ff530b450fac6d1b61b7d3bffd083cf0","csrf_token_time":1746884473,"user_id":1,"student_id":1,"usertype":"admin","srcode":"21-00001","student_name":"Admin User","email":"admin@admin.com","course_id":1,"section":"2201","admin_id":1}
